<?xml version="1.0" encoding="UTF-8"?>
<testsuite name="todo.TaskManagerTest" tests="3" skipped="0" failures="0" errors="0" timestamp="2025-08-21T16:34:25.640Z" hostname="DESKTOP-CUSTOMP" time="0.005">
  <properties/>
  <testcase name="testGetTasks()" classname="todo.TaskManagerTest" time="0.002"/>
  <testcase name="testAddTask()" classname="todo.TaskManagerTest" time="0.0"/>
  <testcase name="testRemoveTask()" classname="todo.TaskManagerTest" time="0.001"/>
  <system-out><![CDATA[Task removed successfully.
]]></system-out>
  <system-err><![CDATA[]]></system-err>
</testsuite>
