<?xml version="1.0" encoding="UTF-8"?>
<testsuite name="todo.TaskTest" tests="2" skipped="0" failures="0" errors="0" timestamp="2025-08-19T21:10:15.793Z" hostname="DESKTOP-CUSTOMP" time="0.002">
  <properties/>
  <testcase name="testTaskCreation()" classname="todo.TaskTest" time="0.001"/>
  <testcase name="testTaskCompletion()" classname="todo.TaskTest" time="0.0"/>
  <system-out><![CDATA[]]></system-out>
  <system-err><![CDATA[]]></system-err>
</testsuite>
