<?xml version="1.0" encoding="UTF-8"?>
<testsuite name="todo.ConsoleUITest" tests="2" skipped="0" failures="0" errors="0" timestamp="2025-08-21T23:11:36.095Z" hostname="DESKTOP-CUSTOMP" time="0.059">
  <properties/>
  <testcase name="testAddTask()" classname="todo.ConsoleUITest" time="0.055"/>
  <testcase name="testLoadAndViewTasks()" classname="todo.ConsoleUITest" time="0.004"/>
  <system-out><![CDATA[
--- To-Do List ---
1. View Tasks
2. Add Task
3. Remove Task
4. Exit
Choose an option: 
Enter task name: 
Enter task description: 
Task added.

--- To-Do List ---
1. View Tasks
2. Add Task
3. Remove Task
4. Exit
Choose an option: 
Tasks:
1.example task 1
    - example task 1 description

--- To-Do List ---
1. View Tasks
2. Add Task
3. Remove Task
4. Exit
Choose an option: 
Enter task number to remove: 
Task removed.

--- To-Do List ---
1. View Tasks
2. Add Task
3. Remove Task
4. Exit
Choose an option: 
Goodbye!

--- To-Do List ---
1. View Tasks
2. Add Task
3. Remove Task
4. Exit
Choose an option: 
Enter task name: 
Enter task description: 
Task added.

--- To-Do List ---
1. View Tasks
2. Add Task
3. Remove Task
4. Exit
Choose an option: 
Tasks:
1.Feed Fred
    - Feed Fred description

--- To-Do List ---
1. View Tasks
2. Add Task
3. Remove Task
4. Exit
Choose an option: 
Enter task number to remove: 
Task removed.

--- To-Do List ---
1. View Tasks
2. Add Task
3. Remove Task
4. Exit
Choose an option: 
Goodbye!
]]></system-out>
  <system-err><![CDATA[]]></system-err>
</testsuite>
