<?xml version="1.0" encoding="UTF-8"?>
<testsuite name="todo.ConsoleUITest" tests="1" skipped="0" failures="0" errors="0" timestamp="2025-08-21T16:34:25.583Z" hostname="DESKTOP-CUSTOMP" time="0.053">
  <properties/>
  <testcase name="testViewTasks()" classname="todo.ConsoleUITest" time="0.053"/>
  <system-out><![CDATA[
--- To-Do List ---
1. View Tasks
2. Add Task
3. Remove Task
4. Load Tasks
5. Exit
Choose an option: 

--- To-Do List ---
1. View Tasks
2. Add Task
3. Remove Task
4. Load Tasks
5. Exit
Choose an option: 
Tasks:
1.Feed Fred
    - always gotta feed the fred day and night

--- To-Do List ---
1. View Tasks
2. Add Task
3. Remove Task
4. Load Tasks
5. Exit
Choose an option: 
Goodbye!
Output log: 
--- To-Do List ---
1. View Tasks
2. Add Task
3. Remove Task
4. Load Tasks
5. Exit
Choose an option: 

--- To-Do List ---
1. View Tasks
2. Add Task
3. Remove Task
4. Load Tasks
5. Exit
Choose an option: 
Tasks:
1.Feed Fred
    - always gotta feed the fred day and night

--- To-Do List ---
1. View Tasks
2. Add Task
3. Remove Task
4. Load Tasks
5. Exit
Choose an option: 
Goodbye!

]]></system-out>
  <system-err><![CDATA[]]></system-err>
</testsuite>
